# JRE version: OpenJDK Runtime Environment (11.0.11+9) (build 11.0.11+9-b60-7590822)
# Java VM: OpenJDK 64-Bit Server VM (11.0.11+9-b60-7590822, mixed mode, tiered, compressed oops, g1 gc, windows-amd64)
Heap:
 garbage-first heap   total 262144K, used 115840K [0x0000000080000000, 0x0000000100000000)
  region size 1024K, 69 young (70656K), 12 survivors (12288K)
 Metaspace       used 71984K, capacity 73710K, committed 73840K, reserved 1114112K
  class space    used 9325K, capacity 9950K, committed 10060K, reserved 1048576K
GC Heap History (16 events):
Event: 0.440 GC heap before
{Heap before GC invocations=0 (full 0):
 garbage-first heap   total 262144K, used 29696K [0x0000000080000000, 0x0000000100000000)
  region size 1024K, 24 young (24576K), 0 survivors (0K)
 Metaspace       used 10282K, capacity 10561K, committed 10624K, reserved 1058816K
  class space    used 1070K, capacity 1139K, committed 1152K, reserved 1048576K
}
Event: 0.444 GC heap after
{Heap after GC invocations=1 (full 0):
 garbage-first heap   total 262144K, used 9434K [0x0000000080000000, 0x0000000100000000)
  region size 1024K, 3 young (3072K), 3 survivors (3072K)
 Metaspace       used 10282K, capacity 10561K, committed 10624K, reserved 1058816K
  class space    used 1070K, capacity 1139K, committed 1152K, reserved 1048576K
}
Event: 1.317 GC heap before
{Heap before GC invocations=1 (full 0):
 garbage-first heap   total 262144K, used 108762K [0x0000000080000000, 0x0000000100000000)
  region size 1024K, 101 young (103424K), 3 survivors (3072K)
 Metaspace       used 20744K, capacity 21176K, committed 21296K, reserved 1069056K
  class space    used 2531K, capacity 2660K, committed 2688K, reserved 1048576K
}
Event: 1.322 GC heap after
{Heap after GC invocations=2 (full 0):
 garbage-first heap   total 262144K, used 16794K [0x0000000080000000, 0x0000000100000000)
  region size 1024K, 11 young (11264K), 11 survivors (11264K)
 Metaspace       used 20744K, capacity 21176K, committed 21296K, reserved 1069056K
  class space    used 2531K, capacity 2660K, committed 2688K, reserved 1048576K
}
Event: 1.613 GC heap before
{Heap before GC invocations=3 (full 0):
 garbage-first heap   total 262144K, used 64922K [0x0000000080000000, 0x0000000100000000)
  region size 1024K, 58 young (59392K), 11 survivors (11264K)
 Metaspace       used 25652K, capacity 26271K, committed 26544K, reserved 1073152K
  class space    used 3324K, capacity 3534K, committed 3584K, reserved 1048576K
}
Event: 1.618 GC heap after
{Heap after GC invocations=4 (full 0):
 garbage-first heap   total 262144K, used 19105K [0x0000000080000000, 0x0000000100000000)
  region size 1024K, 3 young (3072K), 3 survivors (3072K)
 Metaspace       used 25652K, capacity 26271K, committed 26544K, reserved 1073152K
  class space    used 3324K, capacity 3534K, committed 3584K, reserved 1048576K
}
Event: 2.144 GC heap before
{Heap before GC invocations=4 (full 0):
 garbage-first heap   total 262144K, used 82593K [0x0000000080000000, 0x0000000100000000)
  region size 1024K, 66 young (67584K), 3 survivors (3072K)
 Metaspace       used 34862K, capacity 35611K, committed 35708K, reserved 1081344K
  class space    used 4518K, capacity 4825K, committed 4864K, reserved 1048576K
}
Event: 2.149 GC heap after
{Heap after GC invocations=5 (full 0):
 garbage-first heap   total 262144K, used 22523K [0x0000000080000000, 0x0000000100000000)
  region size 1024K, 6 young (6144K), 6 survivors (6144K)
 Metaspace       used 34862K, capacity 35611K, committed 35708K, reserved 1081344K
  class space    used 4518K, capacity 4825K, committed 4864K, reserved 1048576K
}
Event: 2.972 GC heap before
{Heap before GC invocations=6 (full 0):
 garbage-first heap   total 262144K, used 154619K [0x0000000080000000, 0x0000000100000000)
  region size 1024K, 132 young (135168K), 6 survivors (6144K)
 Metaspace       used 45243K, capacity 46333K, committed 46588K, reserved 1089536K
  class space    used 5794K, capacity 6167K, committed 6272K, reserved 1048576K
}
Event: 2.978 GC heap after
{Heap after GC invocations=7 (full 0):
 garbage-first heap   total 262144K, used 30507K [0x0000000080000000, 0x0000000100000000)
  region size 1024K, 14 young (14336K), 14 survivors (14336K)
 Metaspace       used 45243K, capacity 46333K, committed 46588K, reserved 1089536K
  class space    used 5794K, capacity 6167K, committed 6272K, reserved 1048576K
}
Event: 4.454 GC heap before
{Heap before GC invocations=7 (full 0):
 garbage-first heap   total 262144K, used 176939K [0x0000000080000000, 0x0000000100000000)
  region size 1024K, 153 young (156672K), 14 survivors (14336K)
 Metaspace       used 55336K, capacity 56849K, committed 57084K, reserved 1099776K
  class space    used 7008K, capacity 7517K, committed 7552K, reserved 1048576K
}
Event: 4.463 GC heap after
{Heap after GC invocations=8 (full 0):
 garbage-first heap   total 262144K, used 47040K [0x0000000080000000, 0x0000000100000000)
  region size 1024K, 20 young (20480K), 20 survivors (20480K)
 Metaspace       used 55336K, capacity 56849K, committed 57084K, reserved 1099776K
  class space    used 7008K, capacity 7517K, committed 7552K, reserved 1048576K
}
Event: 4.655 GC heap before
{Heap before GC invocations=8 (full 0):
 garbage-first heap   total 262144K, used 66496K [0x0000000080000000, 0x0000000100000000)
  region size 1024K, 40 young (40960K), 20 survivors (20480K)
 Metaspace       used 58336K, capacity 59847K, committed 59940K, reserved 1101824K
  class space    used 7384K, capacity 7915K, committed 7936K, reserved 1048576K
}
Event: 4.666 GC heap after
{Heap after GC invocations=9 (full 0):
 garbage-first heap   total 262144K, used 49674K [0x0000000080000000, 0x0000000100000000)
  region size 1024K, 3 young (3072K), 3 survivors (3072K)
 Metaspace       used 58336K, capacity 59847K, committed 59940K, reserved 1101824K
  class space    used 7384K, capacity 7915K, committed 7936K, reserved 1048576K
}
Event: 5.744 GC heap before
{Heap before GC invocations=10 (full 0):
 garbage-first heap   total 262144K, used 197130K [0x0000000080000000, 0x0000000100000000)
  region size 1024K, 147 young (150528K), 3 survivors (3072K)
 Metaspace       used 69576K, capacity 71354K, committed 71664K, reserved 1112064K
  class space    used 9007K, capacity 9621K, committed 9676K, reserved 1048576K
}
Event: 5.751 GC heap after
{Heap after GC invocations=11 (full 0):
 garbage-first heap   total 262144K, used 58496K [0x0000000080000000, 0x0000000100000000)
  region size 1024K, 12 young (12288K), 12 survivors (12288K)
 Metaspace       used 69576K, capacity 71354K, committed 71664K, reserved 1112064K
  class space    used 9007K, capacity 9621K, committed 9676K, reserved 1048576K
}

